<?xml version="1.0" encoding="UTF-8"?>
<!-- Generated by org.testng.reporters.JUnitXMLReporter -->
<testsuite ignored="0" hostname="LAPTOP-CDSAINQ3" failures="0" tests="4" name="Default test" time="8.472" errors="0" timestamp="2025-07-07T15:25:22 IST">
  <testcase classname="tests.SampleAPITest" name="testCreateUser" time="6.074"/>
  <testcase classname="tests.SampleAPITest" name="testDeleteUser" time="0.477"/>
  <testcase classname="tests.SampleAPITest" name="testLogin" time="0.529"/>
  <testcase classname="tests.SampleAPITest" name="testUpdateUser" time="0.43"/>
</testsuite> <!-- Default test -->
