<?xml version="1.0" encoding="UTF-8"?>
<testng-results ignored="0" total="4" passed="4" failed="0" skipped="0">
  <reporter-output>
  </reporter-output>
  <suite started-at="2025-07-07T16:13:35 IST" name="API Test Suite" finished-at="2025-07-07T16:14:16 IST" duration-ms="40351">
    <groups>
    </groups>
    <test started-at="2025-07-07T16:13:35 IST" name="Sample API Test" finished-at="2025-07-07T16:14:16 IST" duration-ms="40351">
      <class name="tests.SampleAPITest">
        <test-method is-config="true" signature="setup()[pri:0, instance:tests.SampleAPITest@cecf639]" started-at="2025-07-07T16:13:35 IST" name="setup" finished-at="2025-07-07T16:13:45 IST" duration-ms="10064" status="PASS">
          <reporter-output>
          </reporter-output>
        </test-method> <!-- setup -->
        <test-method signature="testCreateUser()[pri:0, instance:tests.SampleAPITest@cecf639]" started-at="2025-07-07T16:13:46 IST" name="testCreateUser" finished-at="2025-07-07T16:14:13 IST" duration-ms="27717" status="PASS">
          <reporter-output>
          </reporter-output>
        </test-method> <!-- testCreateUser -->
        <test-method signature="testDeleteUser()[pri:0, instance:tests.SampleAPITest@cecf639]" started-at="2025-07-07T16:14:13 IST" name="testDeleteUser" finished-at="2025-07-07T16:14:14 IST" duration-ms="552" status="PASS">
          <reporter-output>
          </reporter-output>
        </test-method> <!-- testDeleteUser -->
        <test-method signature="testLogin(org.json.simple.JSONObject)[pri:0, instance:tests.SampleAPITest@cecf639]" started-at="2025-07-07T16:14:14 IST" name="testLogin" data-provider="authData" finished-at="2025-07-07T16:14:15 IST" duration-ms="593" status="PASS">
          <params>
            <param index="0">
              <value>
                <![CDATA[{"password":"cityslicka","email":"eve.holt@reqres.in"}]]>
              </value>
            </param>
          </params>
          <reporter-output>
          </reporter-output>
        </test-method> <!-- testLogin -->
        <test-method signature="testUpdateUser()[pri:0, instance:tests.SampleAPITest@cecf639]" started-at="2025-07-07T16:14:15 IST" name="testUpdateUser" finished-at="2025-07-07T16:14:16 IST" duration-ms="723" status="PASS">
          <reporter-output>
          </reporter-output>
        </test-method> <!-- testUpdateUser -->
      </class> <!-- tests.SampleAPITest -->
    </test> <!-- Sample API Test -->
  </suite> <!-- API Test Suite -->
</testng-results>
