<?xml version="1.0" encoding="UTF-8"?>
<!-- Generated by org.testng.reporters.JUnitXMLReporter -->
<testsuite ignored="0" hostname="LAPTOP-CDSAINQ3" failures="0" tests="8" name="Sample API Test" time="25.778" errors="0" timestamp="2025-07-06T15:56:09 IST">
  <testcase classname="tests.SampleAPITest" name="testCreatePost" time="14.979"/>
  <testcase classname="tests.SampleAPITest" name="testCreatePost" time="2.015"/>
  <testcase classname="tests.SampleAPITest" name="testDeletePost" time="1.171"/>
  <testcase classname="tests.SampleAPITest" name="testDeletePost" time="0.531"/>
  <testcase classname="tests.SampleAPITest" name="testGetPostById" time="0.74"/>
  <testcase classname="tests.SampleAPITest" name="testGetPostById" time="0.733"/>
  <testcase classname="tests.SampleAPITest" name="testUpdatePost" time="0.864"/>
  <testcase classname="tests.SampleAPITest" name="testUpdatePost" time="0.949"/>
</testsuite> <!-- Sample API Test -->
