<?xml version="1.0" encoding="UTF-8"?>
<testng-results ignored="0" total="4" passed="4" failed="0" skipped="0">
  <reporter-output>
  </reporter-output>
  <suite started-at="2025-07-07T15:25:13 IST" name="Default suite" finished-at="2025-07-07T15:25:22 IST" duration-ms="8472">
    <groups>
    </groups>
    <test started-at="2025-07-07T15:25:13 IST" name="Default test" finished-at="2025-07-07T15:25:22 IST" duration-ms="8472">
      <class name="tests.SampleAPITest">
        <test-method is-config="true" signature="setup()[pri:0, instance:tests.SampleAPITest@7b2bbc3]" started-at="2025-07-07T15:25:13 IST" name="setup" finished-at="2025-07-07T15:25:14 IST" duration-ms="852" status="PASS">
          <reporter-output>
          </reporter-output>
        </test-method> <!-- setup -->
        <test-method signature="testCreateUser()[pri:0, instance:tests.SampleAPITest@7b2bbc3]" started-at="2025-07-07T15:25:14 IST" name="testCreateUser" finished-at="2025-07-07T15:25:20 IST" duration-ms="6074" status="PASS">
          <reporter-output>
          </reporter-output>
        </test-method> <!-- testCreateUser -->
        <test-method signature="testDeleteUser()[pri:0, instance:tests.SampleAPITest@7b2bbc3]" started-at="2025-07-07T15:25:20 IST" name="testDeleteUser" finished-at="2025-07-07T15:25:21 IST" duration-ms="477" status="PASS">
          <reporter-output>
          </reporter-output>
        </test-method> <!-- testDeleteUser -->
        <test-method signature="testLogin(org.json.simple.JSONObject)[pri:0, instance:tests.SampleAPITest@7b2bbc3]" started-at="2025-07-07T15:25:21 IST" name="testLogin" data-provider="authData" finished-at="2025-07-07T15:25:21 IST" duration-ms="529" status="PASS">
          <params>
            <param index="0">
              <value>
                <![CDATA[{"password":"cityslicka","email":"eve.holt@reqres.in"}]]>
              </value>
            </param>
          </params>
          <reporter-output>
          </reporter-output>
        </test-method> <!-- testLogin -->
        <test-method signature="testUpdateUser()[pri:0, instance:tests.SampleAPITest@7b2bbc3]" started-at="2025-07-07T15:25:21 IST" name="testUpdateUser" finished-at="2025-07-07T15:25:22 IST" duration-ms="430" status="PASS">
          <reporter-output>
          </reporter-output>
        </test-method> <!-- testUpdateUser -->
      </class> <!-- tests.SampleAPITest -->
    </test> <!-- Default test -->
  </suite> <!-- Default suite -->
</testng-results>
